<?xml version="1.0" encoding="UTF-8"?>
<!-- Generated by org.testng.reporters.JUnitReportReporter -->
<testsuite skipped="0" hostname="UNKNOWN-PC" name="com.testcase.GivenTestCase" tests="1" failures="0" timestamp="05 Feb 2019 17:57:18 GMT" time="24.378" errors="0">
  <testcase name="execute" time="24.378" classname="com.testcase.GivenTestCase"/>
</testsuite> <!-- com.testcase.GivenTestCase -->
